[ashik.templatepath.net/scubo-html-files/index.html]
[backblue.gif]
[fade.gif]
[index.html]
[ashik.templatepath.net/scubo-html-files/assets/images/favicon/apple-touch-icon.png]
[ashik.templatepath.net/scubo-html-files/assets/images/favicon/favicon-32x32.png]
[ashik.templatepath.net/scubo-html-files/assets/images/favicon/favicon-16x16.png]
[ashik.templatepath.net/scubo-html-files/assets/images/favicon/site.webmanifest]
[ashik.templatepath.net/scubo-html-files/assets/css/bootstrap-datepicker.min.css]
[ashik.templatepath.net/scubo-html-files/assets/css/bootstrap.min.css]
[ashik.templatepath.net/scubo-html-files/assets/css/bootstrap-select.min.css]
[ashik.templatepath.net/scubo-html-files/assets/css/fontawesome-all.min.css]
[ashik.templatepath.net/scubo-html-files/assets/css/jquery.mCustomScrollbar.min.css]
[ashik.templatepath.net/scubo-html-files/assets/css/magnific-popup.css]
[ashik.templatepath.net/scubo-html-files/assets/css/owl.carousel.min.css]
[ashik.templatepath.net/scubo-html-files/assets/css/owl.theme.default.min.css]
[ashik.templatepath.net/scubo-html-files/assets/css/animate.css]
[ashik.templatepath.net/scubo-html-files/assets/css/hover-min.css]
[ashik.templatepath.net/scubo-html-files/assets/css/scubo-icons.css]
[ashik.templatepath.net/scubo-html-files/assets/css/style.css]
[ashik.templatepath.net/scubo-html-files/assets/css/responsive.css]
[ashik.templatepath.net/scubo-html-files/assets/images/preloader.png]
[ashik.templatepath.net/scubo-html-files/assets/images/logo-1-1.png]
[ashik.templatepath.net/scubo-html-files/index-2.html]
[ashik.templatepath.net/scubo-html-files/index-rtl.html]
[ashik.templatepath.net/scubo-html-files/about.html]
[ashik.templatepath.net/scubo-html-files/courses.html]
[ashik.templatepath.net/scubo-html-files/course-details.html]
[ashik.templatepath.net/scubo-html-files/pricing.html]
[ashik.templatepath.net/scubo-html-files/gallery.html]
[ashik.templatepath.net/scubo-html-files/news.html]
[ashik.templatepath.net/scubo-html-files/news-details.html]
[ashik.templatepath.net/scubo-html-files/contact.html]
[ashik.templatepath.net/scubo-html-files/assets/images/background/slide-bg-1-1.jpg]
[ashik.templatepath.net/scubo-html-files/assets/images/background/slide-bg-1-2.jpg]
[ashik.templatepath.net/scubo-html-files/assets/images/background/footer-bg-1-1.jpg]
[ashik.templatepath.net/scubo-html-files/assets/images/shapes/slide-ribbon-1-1.png]
[ashik.templatepath.net/scubo-html-files/assets/images/shapes/swimmer-contact-1.png]
[ashik.templatepath.net/scubo-html-files/assets/images/shapes/fish-service-1.png]
[ashik.templatepath.net/scubo-html-files/assets/images/shapes/fish-service-2.png]
[ashik.templatepath.net/scubo-html-files/assets/images/shapes/tree-service-1.png]
[ashik.templatepath.net/scubo-html-files/assets/images/shapes/sec-line-1.png]
[ashik.templatepath.net/scubo-html-files/assets/images/shapes/water-wave-bg.png]
[ashik.templatepath.net/scubo-html-files/assets/images/shapes/fish-1-1.png]
[ashik.templatepath.net/scubo-html-files/assets/images/shapes/tree-1-1.png]
[ashik.templatepath.net/scubo-html-files/assets/images/courses/course-1-1.jpg]
[ashik.templatepath.net/scubo-html-files/assets/images/courses/course-1-2.jpg]
[ashik.templatepath.net/scubo-html-files/assets/images/courses/course-1-3.jpg]
[ashik.templatepath.net/scubo-html-files/assets/images/courses/course-1-4.jpg]
[ashik.templatepath.net/scubo-html-files/assets/images/courses/course-1-5.jpg]
[ashik.templatepath.net/scubo-html-files/assets/images/courses/course-1-6.jpg]
[ashik.templatepath.net/scubo-html-files/assets/images/shapes/swimmer-1-1.png]
[ashik.templatepath.net/scubo-html-files/assets/images/resources/video-1-1.jpg]
[ashik.templatepath.net/scubo-html-files/assets/images/resources/testi-1-1.jpg]
[ashik.templatepath.net/scubo-html-files/assets/images/resources/testi-1-2.jpg]
[ashik.templatepath.net/scubo-html-files/assets/images/resources/testi-1-3.jpg]
[ashik.templatepath.net/scubo-html-files/assets/images/resources/testi-1-4.jpg]
[ashik.templatepath.net/scubo-html-files/assets/images/resources/cta-1-1.png]
[ashik.templatepath.net/scubo-html-files/assets/images/resources/cta-2-1.jpg]
[ashik.templatepath.net/scubo-html-files/assets/images/background/cta-5-1-bg.jpg]
[ashik.templatepath.net/scubo-html-files/assets/images/shapes/about-brand-team-bg.png]
[ashik.templatepath.net/scubo-html-files/assets/images/blog/blog-1-1.jpg]
[ashik.templatepath.net/scubo-html-files/assets/images/blog/blog-1-3.jpg]
[ashik.templatepath.net/scubo-html-files/assets/images/brand/brand-1-1.png]
[ashik.templatepath.net/scubo-html-files/assets/images/brand/brand-1-2.png]
[ashik.templatepath.net/scubo-html-files/assets/images/brand/brand-1-3.png]
[ashik.templatepath.net/scubo-html-files/assets/images/brand/brand-1-4.png]
[ashik.templatepath.net/scubo-html-files/assets/images/brand/brand-1-5.png]
[ashik.templatepath.net/scubo-html-files/assets/images/brand/brand-1-6.png]
[ashik.templatepath.net/scubo-html-files/assets/images/shapes/fish-f-1.png]
[ashik.templatepath.net/scubo-html-files/assets/images/shapes/fish-f-2.png]
[ashik.templatepath.net/scubo-html-files/assets/images/shapes/fish-f-3.png]
[ashik.templatepath.net/scubo-html-files/assets/images/shapes/tree-f-1.png]
[ashik.templatepath.net/scubo-html-files/assets/images/shapes/tree-f-2.png]
[ashik.templatepath.net/scubo-html-files/assets/images/logo-2-1.png]
[ashik.templatepath.net/scubo-html-files/assets/images/logo-3-1.png]
[ashik.templatepath.net/scubo-html-files/assets/js/bootstrap-datepicker.min.js]
[ashik.templatepath.net/scubo-html-files/assets/js/bootstrap.bundle.min.js]
[ashik.templatepath.net/scubo-html-files/assets/js/jquery.min.js]
[ashik.templatepath.net/scubo-html-files/assets/js/bootstrap-select.min.js]
[ashik.templatepath.net/scubo-html-files/assets/js/jquery.ajaxchimp.min.js]
[ashik.templatepath.net/scubo-html-files/assets/js/jquery.counterup.min.js]
[ashik.templatepath.net/scubo-html-files/assets/js/isotope.js]
[ashik.templatepath.net/scubo-html-files/assets/js/jquery.magnific-popup.min.js]
[ashik.templatepath.net/scubo-html-files/assets/js/jquery.mCustomScrollbar.concat.min.js]
[ashik.templatepath.net/scubo-html-files/assets/js/jquery.validate.min.js]
[ashik.templatepath.net/scubo-html-files/assets/js/owl.carousel.min.js]
[ashik.templatepath.net/scubo-html-files/assets/js/waypoints.min.js]
[ashik.templatepath.net/scubo-html-files/assets/js/wow.min.js]
[ashik.templatepath.net/scubo-html-files/index.html]
[ashik.templatepath.net/scubo-html-files/assets/css/bootstrap.min.css]
[ashik.templatepath.net/scubo-html-files/assets/css/bootstrap-datepicker.min.css]
[ashik.templatepath.net/scubo-html-files/assets/css/bootstrap-select.min.css]
[ashik.templatepath.net/scubo-html-files/assets/js/TweenMax.min.js]
[ashik.templatepath.net/scubo-html-files/assets/js/theme.js]
[ashik.templatepath.net/scubo-html-files/assets/fonts/fa-brands-400.woff2]
[ashik.templatepath.net/scubo-html-files/assets/fonts/fa-brands-400.woff]
[ashik.templatepath.net/scubo-html-files/assets/fonts/fa-brands-400.eot]
[ashik.templatepath.net/scubo-html-files/assets/fonts/fa-brands-400d41d.eot]
[ashik.templatepath.net/scubo-html-files/assets/fonts/fa-brands-400.svg]
[ashik.templatepath.net/scubo-html-files/assets/fonts/fa-regular-400.woff2]
[ashik.templatepath.net/scubo-html-files/assets/fonts/fa-regular-400.eot]
[ashik.templatepath.net/scubo-html-files/assets/fonts/fa-regular-400.woff]
[ashik.templatepath.net/scubo-html-files/assets/fonts/fa-regular-400d41d.eot]
[ashik.templatepath.net/scubo-html-files/assets/fonts/fa-regular-400.svg]
[ashik.templatepath.net/scubo-html-files/assets/fonts/fa-regular-400.ttf]
[ashik.templatepath.net/scubo-html-files/assets/fonts/fa-solid-900.woff2]
[ashik.templatepath.net/scubo-html-files/assets/fonts/fa-brands-400.ttf]
[ashik.templatepath.net/scubo-html-files/assets/fonts/fa-solid-900.woff]
[ashik.templatepath.net/scubo-html-files/assets/fonts/fa-solid-900.eot]
[ashik.templatepath.net/scubo-html-files/assets/fonts/fa-solid-900d41d.eot]
[ashik.templatepath.net/scubo-html-files/assets/css/fontawesome-all.min.css]
[ashik.templatepath.net/scubo-html-files/assets/css/jquery.mCustomScrollbar.min.css]
[ashik.templatepath.net/scubo-html-files/assets/css/magnific-popup.css]
[ashik.templatepath.net/scubo-html-files/assets/css/owl.carousel.min.css]
[ashik.templatepath.net/scubo-html-files/assets/css/owl.theme.default.min.css]
[ashik.templatepath.net/scubo-html-files/assets/css/animate.css]
[ashik.templatepath.net/scubo-html-files/assets/css/hover-min.css]
[ashik.templatepath.net/scubo-html-files/assets/fonts/scubo-iconce49.eot]
[ashik.templatepath.net/scubo-html-files/assets/fonts/scubo-iconce49.woff]
[ashik.templatepath.net/scubo-html-files/assets/fonts/scubo-iconce49.ttf]
[ashik.templatepath.net/scubo-html-files/assets/css/scubo-icons.css]
[ashik.templatepath.net/scubo-html-files/assets/fonts/scubo-iconce49.svg]
[ashik.templatepath.net/scubo-html-files/assets/images/shapes/slider-top-shadow.png]
[ashik.templatepath.net/scubo-html-files/assets/fonts/fa-solid-900.svg]
[ashik.templatepath.net/scubo-html-files/assets/images/shapes/wave-1.png]
[ashik.templatepath.net/scubo-html-files/assets/images/shapes/line-2.png]
[ashik.templatepath.net/scubo-html-files/assets/images/shapes/wave-3.png]
[ashik.templatepath.net/scubo-html-files/assets/images/shapes/qoute-1-1.png]
[ashik.templatepath.net/scubo-html-files/assets/images/shapes/qoute-1-2.png]
[ashik.templatepath.net/scubo-html-files/assets/css/style.css]
[ashik.templatepath.net/scubo-html-files/assets/css/responsive.css]
[ashik.templatepath.net/scubo-html-files/assets/images/background/slider-2-bg-2.jpg]
[ashik.templatepath.net/scubo-html-files/assets/images/background/slider-2-bg-1.jpg]
[ashik.templatepath.net/scubo-html-files/assets/images/resources/feature-1-2.jpg]
[ashik.templatepath.net/scubo-html-files/assets/images/resources/feature-1-3.jpg]
[ashik.templatepath.net/scubo-html-files/assets/images/shapes/fish-about-3-1.png]
[ashik.templatepath.net/scubo-html-files/assets/images/shapes/fish-about-3-2.png]
[ashik.templatepath.net/scubo-html-files/assets/images/shapes/tree-about-3-1.png]
[ashik.templatepath.net/scubo-html-files/assets/images/shapes/tree-about-3-2.png]
[ashik.templatepath.net/scubo-html-files/assets/images/shapes/ribbon-2.png]
[ashik.templatepath.net/scubo-html-files/assets/images/resources/about-1-1.jpg]
[ashik.templatepath.net/scubo-html-files/assets/images/brand/brand-2-2.png]
[ashik.templatepath.net/scubo-html-files/assets/images/brand/brand-2-4.png]
[ashik.templatepath.net/scubo-html-files/assets/images/brand/brand-2-5.png]
[ashik.templatepath.net/scubo-html-files/assets/images/brand/brand-2-6.png]
[ashik.templatepath.net/scubo-html-files/assets/images/resources/about-2-1.jpg]
[ashik.templatepath.net/scubo-html-files/assets/images/shapes/sec-line-2.png]
[ashik.templatepath.net/scubo-html-files/assets/images/background/video-bg-2-1.jpg]
[ashik.templatepath.net/scubo-html-files/assets/images/team/team-1-1.jpg]
[ashik.templatepath.net/scubo-html-files/assets/images/team/team-1-2.jpg]
[ashik.templatepath.net/scubo-html-files/assets/images/team/team-1-3.jpg]
[ashik.templatepath.net/scubo-html-files/assets/images/team/team-1-4.jpg]
[ashik.templatepath.net/scubo-html-files/index-2.html]
[ashik.templatepath.net/scubo-html-files/assets/css/rtl.css]
[ashik.templatepath.net/scubo-html-files/index-rtl.html]
[ashik.templatepath.net/scubo-html-files/assets/images/resources/feature-2-1.jpg]
[ashik.templatepath.net/scubo-html-files/assets/images/resources/feature-2-2.jpg]
[ashik.templatepath.net/scubo-html-files/assets/images/resources/feature-2-3.jpg]
[ashik.templatepath.net/scubo-html-files/about.html]
[ashik.templatepath.net/scubo-html-files/courses.html]
[ashik.templatepath.net/scubo-html-files/assets/images/courses/course-d-1.jpg]
[ashik.templatepath.net/scubo-html-files/course-details.html]
[ashik.templatepath.net/scubo-html-files/assets/images/resources/pricing-about-1-1.jpg]
[ashik.templatepath.net/scubo-html-files/pricing.html]
[ashik.templatepath.net/scubo-html-files/assets/images/gallery/gallery-1-1.jpg]
[ashik.templatepath.net/scubo-html-files/assets/images/gallery/gallery-1-2.jpg]
[ashik.templatepath.net/scubo-html-files/assets/images/gallery/gallery-1-3.jpg]
[ashik.templatepath.net/scubo-html-files/assets/images/gallery/gallery-1-5.jpg]
[ashik.templatepath.net/scubo-html-files/assets/images/gallery/gallery-1-6.jpg]
[ashik.templatepath.net/scubo-html-files/assets/images/gallery/gallery-1-7.jpg]
[ashik.templatepath.net/scubo-html-files/assets/images/gallery/gallery-1-8.jpg]
[ashik.templatepath.net/scubo-html-files/assets/images/gallery/gallery-1-9.jpg]
[ashik.templatepath.net/scubo-html-files/gallery.html]
[ashik.templatepath.net/scubo-html-files/assets/images/blog/blog-1-4.jpg]
[ashik.templatepath.net/scubo-html-files/assets/images/blog/blog-1-5.jpg]
[ashik.templatepath.net/scubo-html-files/assets/images/blog/blog-1-6.jpg]
[ashik.templatepath.net/scubo-html-files/news.html]
[ashik.templatepath.net/scubo-html-files/assets/images/blog/blog-d-1-1.jpg]
[ashik.templatepath.net/scubo-html-files/assets/images/blog/comment-1-1.jpg]
[ashik.templatepath.net/scubo-html-files/assets/images/blog/comment-1-2.jpg]
[ashik.templatepath.net/scubo-html-files/assets/images/blog/lp-1-1.jpg]
[ashik.templatepath.net/scubo-html-files/assets/images/blog/lp-1-2.jpg]
[ashik.templatepath.net/scubo-html-files/news-details.html]
[ashik.templatepath.net/scubo-html-files/assets/images/shapes/fish-contact-1.png]
[ashik.templatepath.net/scubo-html-files/assets/images/shapes/tree-contact-1.png]
[ashik.templatepath.net/scubo-html-files/contact.html]
[ashik.templatepath.net/scubo-html-files/assets/images/shapes/video-2-bg.png]
[ashik.templatepath.net/scubo-html-files/assets/images/blog/blog-1-2.jpg]
[ashik.templatepath.net/scubo-html-files/assets/fonts/fa-brands-400.svg]
[ashik.templatepath.net/scubo-html-files/assets/fonts/fa-regular-400.svg]
[ashik.templatepath.net/scubo-html-files/assets/fonts/fa-solid-900.svg]
[ashik.templatepath.net/scubo-html-files/assets/css/mCSB_buttons.html]
[ashik.templatepath.net/scubo-html-files/assets/css/owl.video.play.html]
[ashik.templatepath.net/scubo-html-files/assets/fonts/scubo-iconce49.svg]
[ashik.templatepath.net/scubo-html-files/assets/images/resources/feature-1-1.jpg]
[ashik.templatepath.net/scubo-html-files/assets/images/brand/brand-2-1.png]
[ashik.templatepath.net/scubo-html-files/assets/images/brand/brand-2-3.png]
[ashik.templatepath.net/scubo-html-files/assets/css/rtl.css]
[ashik.templatepath.net/scubo-html-files/assets/images/shapes/سباح-contact-1.html]
[ashik.templatepath.net/scubo-html-files/assets/images/shapes/pricing-bg-1-1.png]
[ashik.templatepath.net/scubo-html-files/assets/images/resources/pricing-about-1-2.jpg]
[ashik.templatepath.net/scubo-html-files/assets/images/gallery/gallery-1-4.jpg]
[ashik.templatepath.net/scubo-html-files/assets/fonts/fa-solid-900.ttf]
[ashik.templatepath.net/scubo-html-files/assets/images/blog/author-1-1.jpg]
[ashik.templatepath.net/scubo-html-files/assets/images/blog/lp-1-3.jpg]
